<?xml version="1.0" encoding="utf-8"?><testsuites name="pytest tests"><testsuite name="pytest" errors="0" failures="0" skipped="0" tests="19" time="3.880" timestamp="2026-06-24T12:17:57.445560+00:00" hostname="agent-env-1650f340-f2a7-4f2f-b871-31345347fbee"><testcase classname="backend.tests.test_iteration5.TestPrayerTimesRegion" name="test_region_method_pick[21.4225-39.8262-4-Umm al-Qura]" time="0.444" /><testcase classname="backend.tests.test_iteration5.TestPrayerTimesRegion" name="test_region_method_pick[24.86-67.01-1-Karachi]" time="0.250" /><testcase classname="backend.tests.test_iteration5.TestPrayerTimesRegion" name="test_region_method_pick[51.5074--0.1278-3-Muslim World League]" time="0.241" /><testcase classname="backend.tests.test_iteration5.TestPrayerTimesRegion" name="test_region_method_pick[40.71--74.0-2-ISNA]" time="0.247" /><testcase classname="backend.tests.test_iteration5.TestPrayerTimesRegion" name="test_region_method_pick[41.01-28.97-13-Diyanet]" time="0.303" /><testcase classname="backend.tests.test_iteration5.TestPrayerTimesRegion" name="test_region_method_pick[30.04-31.23-5-Egyptian]" time="0.255" /><testcase classname="backend.tests.test_iteration5.TestPrayerTimesRegion" name="test_region_method_pick[3.14-101.69-17-JAKIM]" time="0.261" /><testcase classname="backend.tests.test_iteration5.TestPrayerTimesManualOverride" name="test_manual_override" time="0.248" /><testcase classname="backend.tests.test_iteration5.TestPrayerTimesManualOverride" name="test_asr_school_hanafi" time="0.256" /><testcase classname="backend.tests.test_iteration5.TestPrayerTimesShape" name="test_payload_shape" time="0.276" /><testcase classname="backend.tests.test_iteration5.TestPrayerTimesShape" name="test_missing_lat_lng_returns_422" time="0.098" /><testcase classname="backend.tests.test_iteration5.TestRegression" name="test_root" time="0.099" /><testcase classname="backend.tests.test_iteration5.TestRegression" name="test_hijri_highlight_ashura" time="0.121" /><testcase classname="backend.tests.test_iteration5.TestRegression" name="test_sunnahs_list" time="0.092" /><testcase classname="backend.tests.test_iteration5.TestRegression" name="test_azkar" time="0.147" /><testcase classname="backend.tests.test_iteration5.TestRegression" name="test_notif_prefs_fresh_user" time="0.101" /><testcase classname="backend.tests.test_iteration5.TestRegression" name="test_register_push_pending" time="0.140" /><testcase classname="backend.tests.test_iteration5.TestRegression" name="test_saved_ayahs_empty" time="0.128" /><testcase classname="backend.tests.test_iteration5.TestRegression" name="test_notifications_feed_unread_count" time="0.095" /></testsuite></testsuites>