<?xml version="1.0" encoding="utf-8"?><testsuites name="pytest tests"><testsuite name="pytest" errors="0" failures="0" skipped="0" tests="13" time="1.181" timestamp="2026-06-21T04:18:59.702179+00:00" hostname="agent-env-1650f340-f2a7-4f2f-b871-31345347fbee"><testcase classname="backend.tests.test_iteration3" name="test_saved_ayahs_initially_empty" time="0.221" /><testcase classname="backend.tests.test_iteration3" name="test_saved_ayahs_create" time="0.046" /><testcase classname="backend.tests.test_iteration3" name="test_saved_ayahs_list_after_create" time="0.164" /><testcase classname="backend.tests.test_iteration3" name="test_saved_ayahs_delete" time="0.104" /><testcase classname="backend.tests.test_iteration3" name="test_saved_ayahs_delete_missing_returns_404" time="0.045" /><testcase classname="backend.tests.test_iteration3" name="test_notifications_feed_initially_empty" time="0.045" /><testcase classname="backend.tests.test_iteration3" name="test_notifications_feed_unread_count_zero" time="0.045" /><testcase classname="backend.tests.test_iteration3" name="test_notifications_test_inserts_into_feed" time="0.149" /><testcase classname="backend.tests.test_iteration3" name="test_notifications_feed_mark_read" time="0.096" /><testcase classname="backend.tests.test_iteration3" name="test_notifications_feed_sort_order" time="0.043" /><testcase classname="backend.tests.test_iteration3" name="test_notifications_preview_still_works" time="0.044" /><testcase classname="backend.tests.test_iteration3" name="test_register_push_no_5xx" time="0.054" /><testcase classname="backend.tests.test_iteration3" name="test_notif_prefs_first_call_no_500" time="0.044" /></testsuite></testsuites>