<?xml version="1.0" encoding="utf-8"?><testsuites name="pytest tests"><testsuite name="pytest" errors="0" failures="0" skipped="0" tests="22" time="3.220" timestamp="2026-06-24T11:38:56.756975+00:00" hostname="agent-env-1650f340-f2a7-4f2f-b871-31345347fbee"><testcase classname="backend.tests.test_iteration4.TestHijriHighlight" name="test_no_params_returns_payload_shape" time="0.461" /><testcase classname="backend.tests.test_iteration4.TestHijriHighlight" name="test_specific_hijri_days[1-10-ashura-DAY OF ASHURA]" time="0.128" /><testcase classname="backend.tests.test_iteration4.TestHijriHighlight" name="test_specific_hijri_days[1-9-tasua-None]" time="0.134" /><testcase classname="backend.tests.test_iteration4.TestHijriHighlight" name="test_specific_hijri_days[12-9-arafah-None]" time="0.093" /><testcase classname="backend.tests.test_iteration4.TestHijriHighlight" name="test_specific_hijri_days[12-10-eid_adha-None]" time="0.090" /><testcase classname="backend.tests.test_iteration4.TestHijriHighlight" name="test_specific_hijri_days[9-27-laylat_al_qadr-GREATEST OF NIGHTS]" time="0.123" /><testcase classname="backend.tests.test_iteration4.TestHijriHighlight" name="test_specific_hijri_days[9-22-laylat_al_qadr-None]" time="0.092" /><testcase classname="backend.tests.test_iteration4.TestHijriHighlight" name="test_specific_hijri_days[8-15-mid_shaban-None]" time="0.122" /><testcase classname="backend.tests.test_iteration4.TestHijriHighlight" name="test_specific_hijri_days[7-14-white_days-None]" time="0.120" /><testcase classname="backend.tests.test_iteration4.TestHijriHighlight" name="test_laylat_qadr_odd_vs_even" time="0.182" /><testcase classname="backend.tests.test_iteration4.TestHijriHighlight" name="test_white_days_subtitle_contains_day" time="0.309" /><testcase classname="backend.tests.test_iteration4.TestHijriHighlight" name="test_generic_day_may_be_null" time="0.091" /><testcase classname="backend.tests.test_iteration4.TestRegression" name="test_root" time="0.097" /><testcase classname="backend.tests.test_iteration4.TestRegression" name="test_daily_reminder" time="0.136" /><testcase classname="backend.tests.test_iteration4.TestRegression" name="test_emotions_list" time="0.090" /><testcase classname="backend.tests.test_iteration4.TestRegression" name="test_sunnah_categories" time="0.088" /><testcase classname="backend.tests.test_iteration4.TestRegression" name="test_sunnah_of_the_hour" time="0.087" /><testcase classname="backend.tests.test_iteration4.TestRegression" name="test_azkar" time="0.091" /><testcase classname="backend.tests.test_iteration4.TestRegression" name="test_hijri_date" time="0.241" /><testcase classname="backend.tests.test_iteration4.TestRegression" name="test_notifications_preview" time="0.094" /><testcase classname="backend.tests.test_iteration4.TestRegression" name="test_register_push_pending" time="0.176" /><testcase classname="backend.tests.test_iteration4.TestRegression" name="test_notif_prefs_fresh_user" time="0.096" /></testsuite></testsuites>