<?xml version="1.0" encoding="utf-8"?><testsuites name="pytest tests"><testsuite name="pytest" errors="0" failures="0" skipped="0" tests="41" time="12.418" timestamp="2026-06-24T12:28:55.690218+00:00" hostname="agent-env-1650f340-f2a7-4f2f-b871-31345347fbee"><testcase classname="backend.tests.test_iteration6.TestCore" name="test_root" time="0.215" /><testcase classname="backend.tests.test_iteration6.TestUsers" name="test_user_crud_lifecycle" time="0.463" /><testcase classname="backend.tests.test_iteration6.TestEmotions" name="test_daily_reminder" time="0.097" /><testcase classname="backend.tests.test_iteration6.TestEmotions" name="test_list_emotions" time="0.089" /><testcase classname="backend.tests.test_iteration6.TestEmotions" name="test_emotion_to_ayah_unknown" time="0.096" /><testcase classname="backend.tests.test_iteration6.TestEmotions" name="test_emotion_to_ayah_valid" time="5.730" /><testcase classname="backend.tests.test_iteration6.TestSavedAyahs" name="test_list_saved" time="0.215" /><testcase classname="backend.tests.test_iteration6.TestSavedAyahs" name="test_delete_saved" time="0.429" /><testcase classname="backend.tests.test_iteration6.TestAzkar" name="test_get_azkar" time="0.100" /><testcase classname="backend.tests.test_iteration6.TestAzkar" name="test_azkar_progress" time="0.435" /><testcase classname="backend.tests.test_iteration6.TestSunnah" name="test_categories" time="0.097" /><testcase classname="backend.tests.test_iteration6.TestSunnah" name="test_list_sunnahs" time="0.095" /><testcase classname="backend.tests.test_iteration6.TestSunnah" name="test_sunnah_of_the_hour" time="0.094" /><testcase classname="backend.tests.test_iteration6.TestSunnah" name="test_revive_sunnah" time="0.105" /><testcase classname="backend.tests.test_iteration6.TestPrayerTimes" name="test_region_method[21.4225-39.8262-4-Umm al-Qura]" time="0.382" /><testcase classname="backend.tests.test_iteration6.TestPrayerTimes" name="test_region_method[24.86-67.01-1-Karachi]" time="0.246" /><testcase classname="backend.tests.test_iteration6.TestPrayerTimes" name="test_region_method[51.5074--0.1278-3-Muslim World League]" time="0.259" /><testcase classname="backend.tests.test_iteration6.TestPrayerTimes" name="test_region_method[40.71--74.0-2-ISNA]" time="0.246" /><testcase classname="backend.tests.test_iteration6.TestPrayerTimes" name="test_region_method[41.01-28.97-13-Diyanet]" time="0.245" /><testcase classname="backend.tests.test_iteration6.TestPrayerTimes" name="test_region_method[30.04-31.23-5-Egyptian]" time="0.251" /><testcase classname="backend.tests.test_iteration6.TestPrayerTimes" name="test_region_method[3.14-101.69-17-JAKIM]" time="0.286" /><testcase classname="backend.tests.test_iteration6.TestPrayerTimes" name="test_missing_params" time="0.093" /><testcase classname="backend.tests.test_iteration6.TestHijri" name="test_hijri_date" time="0.243" /><testcase classname="backend.tests.test_iteration6.TestHijri" name="test_highlight[1-10-ashura]" time="0.099" /><testcase classname="backend.tests.test_iteration6.TestHijri" name="test_highlight[12-9-arafah]" time="0.093" /><testcase classname="backend.tests.test_iteration6.TestHijri" name="test_highlight[9-27-laylat_al_qadr]" time="0.091" /><testcase classname="backend.tests.test_iteration6.TestNotifPrefs" name="test_get_and_put" time="0.285" /><testcase classname="backend.tests.test_iteration6.TestRegisterPush" name="test_pending_with_placeholder_key" time="0.140" /><testcase classname="backend.tests.test_iteration6.TestNotifications" name="test_feed_empty_user" time="0.097" /><testcase classname="backend.tests.test_iteration6.TestNotifications" name="test_feed_unread_count" time="0.091" /><testcase classname="backend.tests.test_iteration6.TestNotifications" name="test_feed_mark_read" time="0.090" /><testcase classname="backend.tests.test_iteration6.TestNotifications" name="test_preview" time="0.092" /><testcase classname="backend.tests.test_iteration6.TestNotifications" name="test_sample[fard-Fajr]" time="0.089" /><testcase classname="backend.tests.test_iteration6.TestNotifications" name="test_sample[pre_adhan-Dhuhr]" time="0.093" /><testcase classname="backend.tests.test_iteration6.TestNotifications" name="test_sample[adhkar-morning]" time="0.138" /><testcase classname="backend.tests.test_iteration6.TestNotifications" name="test_sample[tahajjud-None]" time="0.087" /><testcase classname="backend.tests.test_iteration6.TestNotifications" name="test_sample[sunnah-household]" time="0.097" /><testcase classname="backend.tests.test_iteration6.TestNotifications" name="test_sample_unknown_category" time="0.106" /><testcase classname="backend.tests.test_iteration6.TestNotifications" name="test_notifications_test" time="0.112" /><testcase classname="backend.tests.test_iteration6.TestRefactorStructure" name="test_server_py_thin" time="0.000" /><testcase classname="backend.tests.test_iteration6.TestRefactorStructure" name="test_routers_directory" time="0.000" /></testsuite></testsuites>