<?xml version="1.0" encoding="utf-8"?><testsuites name="pytest tests"><testsuite name="pytest" errors="0" failures="2" skipped="0" tests="32" time="8.236" timestamp="2026-06-21T02:33:08.889621+00:00" hostname="agent-env-1650f340-f2a7-4f2f-b871-31345347fbee"><testcase classname="backend.tests.test_notifications" name="test_notifications_preview_shape" time="0.328" /><testcase classname="backend.tests.test_notifications" name="test_fard_sample[Fajr]" time="0.048" /><testcase classname="backend.tests.test_notifications" name="test_fard_sample[Dhuhr]" time="0.045" /><testcase classname="backend.tests.test_notifications" name="test_fard_sample[Asr]" time="0.046" /><testcase classname="backend.tests.test_notifications" name="test_fard_sample[Maghrib]" time="0.046" /><testcase classname="backend.tests.test_notifications" name="test_fard_sample[Isha]" time="0.045" /><testcase classname="backend.tests.test_notifications" name="test_pre_adhan_sample" time="0.077" /><testcase classname="backend.tests.test_notifications" name="test_adhkar_sample[morning]" time="0.048" /><testcase classname="backend.tests.test_notifications" name="test_adhkar_sample[evening]" time="0.048" /><testcase classname="backend.tests.test_notifications" name="test_adhkar_sample[sleep]" time="0.045" /><testcase classname="backend.tests.test_notifications" name="test_tahajjud_sample" time="0.050" /><testcase classname="backend.tests.test_notifications" name="test_sunnah_sample[household]" time="0.046" /><testcase classname="backend.tests.test_notifications" name="test_sunnah_sample[public]" time="0.044" /><testcase classname="backend.tests.test_notifications" name="test_sunnah_sample[work]" time="0.042" /><testcase classname="backend.tests.test_notifications" name="test_bogus_category_returns_400" time="0.045" /><testcase classname="backend.tests.test_notifications" name="test_register_push_accepts[android]" time="0.106"><failure message="AssertionError: unexpected 500: {&quot;detail&quot;:&quot;EMERGENT_PUSH_KEY missing or invalid&quot;}&#10;assert 500 in (200, 201)&#10; +  where 500 = &lt;Response [500]&gt;.status_code">backend/tests/test_notifications.py:121: in test_register_push_accepts
    assert r.status_code in (200, 201), f"unexpected {r.status_code}: {r.text}"
E   AssertionError: unexpected 500: {"detail":"EMERGENT_PUSH_KEY missing or invalid"}
E   assert 500 in (200, 201)
E    +  where 500 = &lt;Response [500]&gt;.status_code</failure></testcase><testcase classname="backend.tests.test_notifications" name="test_register_push_accepts[ios]" time="0.053"><failure message="AssertionError: unexpected 500: {&quot;detail&quot;:&quot;EMERGENT_PUSH_KEY missing or invalid&quot;}&#10;assert 500 in (200, 201)&#10; +  where 500 = &lt;Response [500]&gt;.status_code">backend/tests/test_notifications.py:121: in test_register_push_accepts
    assert r.status_code in (200, 201), f"unexpected {r.status_code}: {r.text}"
E   AssertionError: unexpected 500: {"detail":"EMERGENT_PUSH_KEY missing or invalid"}
E   assert 500 in (200, 201)
E    +  where 500 = &lt;Response [500]&gt;.status_code</failure></testcase><testcase classname="backend.tests.test_notifications" name="test_notifications_test_fard" time="0.057" /><testcase classname="backend.tests.test_notifications" name="test_notifications_test_bogus_category" time="0.042" /><testcase classname="backend.tests.test_notifications" name="test_hijri_date" time="0.374" /><testcase classname="backend.tests.test_notifications" name="test_daily_reminder" time="0.044" /><testcase classname="backend.tests.test_notifications" name="test_azkar" time="0.048" /><testcase classname="backend.tests.test_notifications" name="test_sunnahs" time="0.049" /><testcase classname="backend.tests.test_notifications" name="test_sunnahs_categories" time="0.050" /><testcase classname="backend.tests.test_notifications" name="test_sunnah_of_the_hour[0]" time="0.043" /><testcase classname="backend.tests.test_notifications" name="test_sunnah_of_the_hour[6]" time="0.044" /><testcase classname="backend.tests.test_notifications" name="test_sunnah_of_the_hour[12]" time="0.045" /><testcase classname="backend.tests.test_notifications" name="test_sunnah_of_the_hour[18]" time="0.042" /><testcase classname="backend.tests.test_notifications" name="test_sunnah_of_the_hour[23]" time="0.042" /><testcase classname="backend.tests.test_notifications" name="test_create_user_and_persistence" time="0.104" /><testcase classname="backend.tests.test_notifications" name="test_emotions_ayah" time="5.812" /><testcase classname="backend.tests.test_notifications" name="test_azkar_progress_roundtrip" time="0.091" /></testsuite></testsuites>